Created by PLY version 3.11 (http://www.dabeaz.com/ply)

Grammar

Rule 0     S' -> expression
Rule 1     expression -> VARIABLE
Rule 2     expression -> NOT expression
Rule 3     expression -> LPAREN expression RPAREN
Rule 4     expression -> expression AND expression
Rule 5     expression -> expression OR expression

Terminals, with rules where they appear

AND                  : 4
LPAREN               : 3
NOT                  : 2
OR                   : 5
RPAREN               : 3
VARIABLE             : 1
error                : 

Nonterminals, with rules where they appear

expression           : 2 3 4 4 5 5 0

Parsing method: LALR

state 0

    (0) S' -> . expression
    (1) expression -> . VARIABLE
    (2) expression -> . NOT expression
    (3) expression -> . LPAREN expression RPAREN
    (4) expression -> . expression AND expression
    (5) expression -> . expression OR expression

    VARIABLE        shift and go to state 2
    NOT             shift and go to state 3
    LPAREN          shift and go to state 4

    expression                     shift and go to state 1

state 1

    (0) S' -> expression .
    (4) expression -> expression . AND expression
    (5) expression -> expression . OR expression

    AND             shift and go to state 5
    OR              shift and go to state 6


state 2

    (1) expression -> VARIABLE .

    AND             reduce using rule 1 (expression -> VARIABLE .)
    OR              reduce using rule 1 (expression -> VARIABLE .)
    $end            reduce using rule 1 (expression -> VARIABLE .)
    RPAREN          reduce using rule 1 (expression -> VARIABLE .)


state 3

    (2) expression -> NOT . expression
    (1) expression -> . VARIABLE
    (2) expression -> . NOT expression
    (3) expression -> . LPAREN expression RPAREN
    (4) expression -> . expression AND expression
    (5) expression -> . expression OR expression

    VARIABLE        shift and go to state 2
    NOT             shift and go to state 3
    LPAREN          shift and go to state 4

    expression                     shift and go to state 7

state 4

    (3) expression -> LPAREN . expression RPAREN
    (1) expression -> . VARIABLE
    (2) expression -> . NOT expression
    (3) expression -> . LPAREN expression RPAREN
    (4) expression -> . expression AND expression
    (5) expression -> . expression OR expression

    VARIABLE        shift and go to state 2
    NOT             shift and go to state 3
    LPAREN          shift and go to state 4

    expression                     shift and go to state 8

state 5

    (4) expression -> expression AND . expression
    (1) expression -> . VARIABLE
    (2) expression -> . NOT expression
    (3) expression -> . LPAREN expression RPAREN
    (4) expression -> . expression AND expression
    (5) expression -> . expression OR expression

    VARIABLE        shift and go to state 2
    NOT             shift and go to state 3
    LPAREN          shift and go to state 4

    expression                     shift and go to state 9

state 6

    (5) expression -> expression OR . expression
    (1) expression -> . VARIABLE
    (2) expression -> . NOT expression
    (3) expression -> . LPAREN expression RPAREN
    (4) expression -> . expression AND expression
    (5) expression -> . expression OR expression

    VARIABLE        shift and go to state 2
    NOT             shift and go to state 3
    LPAREN          shift and go to state 4

    expression                     shift and go to state 10

state 7

    (2) expression -> NOT expression .
    (4) expression -> expression . AND expression
    (5) expression -> expression . OR expression

    AND             reduce using rule 2 (expression -> NOT expression .)
    OR              reduce using rule 2 (expression -> NOT expression .)
    $end            reduce using rule 2 (expression -> NOT expression .)
    RPAREN          reduce using rule 2 (expression -> NOT expression .)

  ! AND             [ shift and go to state 5 ]
  ! OR              [ shift and go to state 6 ]


state 8

    (3) expression -> LPAREN expression . RPAREN
    (4) expression -> expression . AND expression
    (5) expression -> expression . OR expression

    RPAREN          shift and go to state 11
    AND             shift and go to state 5
    OR              shift and go to state 6


state 9

    (4) expression -> expression AND expression .
    (4) expression -> expression . AND expression
    (5) expression -> expression . OR expression

    AND             reduce using rule 4 (expression -> expression AND expression .)
    OR              reduce using rule 4 (expression -> expression AND expression .)
    $end            reduce using rule 4 (expression -> expression AND expression .)
    RPAREN          reduce using rule 4 (expression -> expression AND expression .)

  ! AND             [ shift and go to state 5 ]
  ! OR              [ shift and go to state 6 ]


state 10

    (5) expression -> expression OR expression .
    (4) expression -> expression . AND expression
    (5) expression -> expression . OR expression

    OR              reduce using rule 5 (expression -> expression OR expression .)
    $end            reduce using rule 5 (expression -> expression OR expression .)
    RPAREN          reduce using rule 5 (expression -> expression OR expression .)
    AND             shift and go to state 5

  ! AND             [ reduce using rule 5 (expression -> expression OR expression .) ]
  ! OR              [ shift and go to state 6 ]


state 11

    (3) expression -> LPAREN expression RPAREN .

    AND             reduce using rule 3 (expression -> LPAREN expression RPAREN .)
    OR              reduce using rule 3 (expression -> LPAREN expression RPAREN .)
    $end            reduce using rule 3 (expression -> LPAREN expression RPAREN .)
    RPAREN          reduce using rule 3 (expression -> LPAREN expression RPAREN .)

